<?xml version="1.0" encoding="UTF-8"?>
<!-- Generated by org.testng.reporters.JUnitReportReporter -->
<testsuite hostname="DTP-SDE47-IND" failures="0" tests="1" name="com.cases.BookAppointment" time="7.530" errors="0" timestamp="2024-05-12T13:38:34 IST" skipped="0">
  <testcase classname="com.cases.BookAppointment" name="bookAppointment" time="7.530"/>
  <system-out/>
</testsuite> <!-- com.cases.BookAppointment -->
