<?xml version="1.0" encoding="UTF-8"?>
<!-- Generated by org.testng.reporters.JUnitReportReporter -->
<testsuite hostname="DTP-SDE47-IND" failures="0" tests="1" name="com.cases.Login" time="7.197" errors="0" timestamp="2024-05-12T13:38:34 IST" skipped="0">
  <testcase classname="com.cases.Login" name="performLogin" time="7.197"/>
  <system-out/>
</testsuite> <!-- com.cases.Login -->
