<?xml version="1.0" encoding="UTF-8"?>
<!-- Generated by org.testng.reporters.JUnitReportReporter -->
<testsuite hostname="DTP-SDE47-IND" failures="0" tests="1" name="com.cases.Login" time="6.923" errors="0" timestamp="2024-06-23T19:28:22 IST" skipped="0">
  <testcase classname="com.cases.Login" name="performLogin" time="6.923"/>
  <system-out/>
</testsuite> <!-- com.cases.Login -->
