<?xml version="1.0" encoding="UTF-8"?>
<!-- Generated by org.testng.reporters.JUnitReportReporter -->
<testsuite hostname="DTP-SDE47-IND" failures="0" tests="2" name="com.cases.BookAppointment" time="7.762" errors="0" timestamp="2024-06-23T19:28:22 IST" skipped="0">
  <testcase classname="com.cases.BookAppointment" name="validateHistory" time="0.404"/>
  <system-out/>
  <testcase classname="com.cases.BookAppointment" name="bookAppointment" time="7.358"/>
  <system-out/>
</testsuite> <!-- com.cases.BookAppointment -->
